<?xml version="1.0" encoding="UTF-8"?>
<!-- Generated by org.testng.reporters.JUnitReportReporter -->
<testsuite hostname="md2cteqc" failures="0" tests="4" name="DEMO.Selenium.TestNGBasics" time="37.471" errors="0" timestamp="2022-11-09T15:08:27 IST" skipped="0">
  <testcase classname="DEMO.Selenium.TestNGBasics" name="GoogleTitleTest" time="9.570"/>
  <system-out/>
  <testcase classname="DEMO.Selenium.TestNGBasics" name="GoogleLogoTest" time="7.412"/>
  <system-out/>
  <testcase classname="DEMO.Selenium.TestNGBasics" name="EnterSearchText" time="13.297"/>
  <system-out/>
  <testcase classname="DEMO.Selenium.TestNGBasics" name="ClickSearch" time="7.192"/>
  <system-out/>
</testsuite> <!-- DEMO.Selenium.TestNGBasics -->
